#
# There is insufficient memory for the Java Runtime Environment to continue.
# Native memory allocation (malloc) failed to allocate 32744 bytes for ChunkPool::allocate
# Possible reasons:
#   The system is out of physical RAM or swap space
#   The process is running with CompressedOops enabled, and the Java Heap may be blocking the growth of the native heap
# Possible solutions:
#   Reduce memory load on the system
#   Increase physical memory or swap space
#   Check if swap backing store is full
#   Decrease Java heap size (-Xmx/-Xms)
#   Decrease number of Java threads
#   Decrease Java thread stack sizes (-Xss)
#   Set larger code cache with -XX:ReservedCodeCacheSize=
#   JVM is running with Unscaled Compressed Oops mode in which the Java heap is
#     placed in the first 4GB address space. The Java Heap base address is the
#     maximum limit for the native heap growth. Please use -XX:HeapBaseMinAddress
#     to set the Java Heap base and to place the Java Heap above 4GB virtual address.
# This output file may be truncated or incomplete.
#
#  Out of Memory Error (allocation.cpp:272), pid=4388, tid=0x00000000000021a8
#
# JRE version: OpenJDK Runtime Environment (8.0_202-b03) (build 1.8.0_202-release-1483-b03)
# Java VM: OpenJDK 64-Bit Server VM (25.202-b03 mixed mode windows-amd64 compressed oops)
# Failed to write core dump. Minidumps are not enabled by default on client versions of Windows
#

---------------  T H R E A D  ---------------

Current thread (0x0000000016211000):  JavaThread "C2 CompilerThread0" daemon [_thread_in_native, id=8616, stack(0x0000000017240000,0x0000000017340000)]

Stack: [0x0000000017240000,0x0000000017340000]
[error occurred during error reporting (printing stack bounds), id 0xc0000005]

Native frames: (J=compiled Java code, j=interpreted, Vv=VM code, C=native code)


Current CompileTask:
C2:21881156 22368 %     4       com.android.tools.r8.ir.regalloc.LinearScanRegisterAllocator::a @ 16 (1738 bytes)


---------------  P R O C E S S  ---------------

Java Threads: ( => current thread )
  0x0000000018bb5000 JavaThread "Cache worker for Java compile cache (E:\Android projects\Card sttupet\.gradle\5.4.1\javaCompile)" [_thread_blocked, id=1252, stack(0x00000000321a0000,0x00000000322a0000)]
  0x0000000018bb3800 JavaThread "WorkerExecutor Queue Thread 2" [_thread_blocked, id=9360, stack(0x0000000031fa0000,0x00000000320a0000)]
  0x000000001915b800 JavaThread "stdout" [_thread_in_native, id=4732, stack(0x0000000031ea0000,0x0000000031fa0000)]
  0x000000001915a000 JavaThread "stderr" [_thread_in_native, id=8240, stack(0x0000000031da0000,0x0000000031ea0000)]
  0x000000001915a800 JavaThread "pool-20-thread-1" [_thread_blocked, id=6156, stack(0x0000000031ca0000,0x0000000031da0000)]
  0x0000000019159000 JavaThread "WorkerExecutor Queue" [_thread_blocked, id=4404, stack(0x0000000031ba0000,0x0000000031ca0000)]
  0x0000000019153000 JavaThread "Cache worker for execution history cache (E:\Android projects\Card sttupet\.gradle\5.4.1\executionHistory)" [_thread_blocked, id=5896, stack(0x0000000031aa0000,0x0000000031ba0000)]
  0x0000000019157000 JavaThread "Execution worker for ':'" [_thread_in_Java, id=4560, stack(0x00000000319a0000,0x0000000031aa0000)]
  0x0000000019155800 JavaThread "Cache worker for file content cache (E:\Android projects\Card sttupet\.gradle\5.4.1\fileContent)" [_thread_blocked, id=2456, stack(0x00000000318a0000,0x00000000319a0000)]
  0x000000001c52f800 JavaThread "Cache worker for Build Output Cleanup Cache (E:\Android projects\Card sttupet\.gradle\buildOutputCleanup)" [_thread_blocked, id=5476, stack(0x00000000317a0000,0x00000000318a0000)]
  0x000000001c534800 JavaThread "pool-19-thread-1" [_thread_blocked, id=9704, stack(0x00000000316a0000,0x00000000317a0000)]
  0x000000001c534000 JavaThread "Build operations Thread 2" [_thread_blocked, id=6720, stack(0x00000000315a0000,0x00000000316a0000)]
  0x000000001c52e800 JavaThread "Build operations" [_thread_blocked, id=8504, stack(0x00000000314a0000,0x00000000315a0000)]
  0x000000001c52b000 JavaThread "Cache worker for cache directory md-rule (C:\Users\User\.gradle\caches\5.4.1\md-rule)" [_thread_blocked, id=7852, stack(0x00000000313a0000,0x00000000314a0000)]
  0x000000001c52e000 JavaThread "Cache worker for cache directory md-supplier (C:\Users\User\.gradle\caches\5.4.1\md-supplier)" [_thread_blocked, id=2172, stack(0x00000000312a0000,0x00000000313a0000)]
  0x000000001c531800 JavaThread "Cache worker for file hash cache (E:\Android projects\Card sttupet\.gradle\5.4.1\fileHashes)" [_thread_blocked, id=7472, stack(0x00000000311a0000,0x00000000312a0000)]
  0x000000001c52d000 JavaThread "Thread-198" [_thread_blocked, id=7772, stack(0x00000000310a0000,0x00000000311a0000)]
  0x000000001c525800 JavaThread "Asynchronous log dispatcher for DefaultDaemonConnection: socket connection from /127.0.0.1:52095 to /127.0.0.1:53609" [_thread_blocked, id=8448, stack(0x0000000030ea0000,0x0000000030fa0000)]
  0x000000001c527000 JavaThread "Daemon worker Thread 10" [_thread_in_Java, id=4192, stack(0x0000000030da0000,0x0000000030ea0000)]
  0x000000001c526800 JavaThread "Cancel handler" [_thread_blocked, id=3480, stack(0x0000000030ca0000,0x0000000030da0000)]
  0x000000001c529800 JavaThread "Handler for socket connection from /127.0.0.1:52095 to /127.0.0.1:53609" [_thread_in_native, id=7660, stack(0x0000000030ba0000,0x0000000030ca0000)]
  0x000000001c528800 JavaThread "Daemon Thread 10" [_thread_blocked, id=4184, stack(0x0000000030aa0000,0x0000000030ba0000)]
  0x000000001c52b800 JavaThread "Cache worker for Java compile cache (C:\Users\User\.gradle\caches\5.4.1\javaCompile)" [_thread_blocked, id=480, stack(0x00000000219d0000,0x0000000021ad0000)]
  0x000000001914e800 JavaThread "Cache worker for file content cache (C:\Users\User\.gradle\caches\5.4.1\fileContent)" [_thread_blocked, id=220, stack(0x00000000206d0000,0x00000000207d0000)]
  0x0000000019154000 JavaThread "Memory manager" [_thread_blocked, id=9992, stack(0x00000000205d0000,0x00000000206d0000)]
  0x0000000019150000 JavaThread "Cache worker for execution history cache (C:\Users\User\.gradle\caches\5.4.1\executionHistory)" [_thread_blocked, id=9680, stack(0x000000001df00000,0x000000001e000000)]
  0x0000000018bb4000 JavaThread "Cache worker for journal cache (C:\Users\User\.gradle\caches\journal-1)" [_thread_blocked, id=7860, stack(0x000000001aca0000,0x000000001ada0000)]
  0x0000000018bb8800 JavaThread "File lock request listener" [_thread_in_native, id=8556, stack(0x000000001aba0000,0x000000001aca0000)]
  0x0000000017f09000 JavaThread "Cache worker for file hash cache (C:\Users\User\.gradle\caches\5.4.1\fileHashes)" [_thread_blocked, id=8732, stack(0x000000001a8a0000,0x000000001a9a0000)]
  0x0000000018948000 JavaThread "Daemon periodic checks" [_thread_blocked, id=1076, stack(0x0000000019ca0000,0x0000000019da0000)]
  0x000000001869e800 JavaThread "Incoming local TCP Connector on port 52095" [_thread_in_native, id=10208, stack(0x0000000019a50000,0x0000000019b50000)]
  0x0000000017aae800 JavaThread "Daemon health stats" [_thread_blocked, id=5424, stack(0x0000000019210000,0x0000000019310000)]
  0x000000001628a000 JavaThread "Service Thread" daemon [_thread_blocked, id=2980, stack(0x0000000017440000,0x0000000017540000)]
  0x0000000016214800 JavaThread "C1 CompilerThread1" daemon [_thread_blocked, id=4900, stack(0x0000000017340000,0x0000000017440000)]
=>0x0000000016211000 JavaThread "C2 CompilerThread0" daemon [_thread_in_native, id=8616, stack(0x0000000017240000,0x0000000017340000)]
  0x000000001620d800 JavaThread "Attach Listener" daemon [_thread_blocked, id=1936, stack(0x0000000017140000,0x0000000017240000)]
  0x000000001620a000 JavaThread "Signal Dispatcher" daemon [_thread_blocked, id=2632, stack(0x0000000017040000,0x0000000017140000)]
  0x0000000002ace800 JavaThread "Finalizer" daemon [_thread_blocked, id=7052, stack(0x0000000016e40000,0x0000000016f40000)]
  0x00000000161f7000 JavaThread "Reference Handler" daemon [_thread_blocked, id=4444, stack(0x0000000016d40000,0x0000000016e40000)]
  0x00000000029dd800 JavaThread "main" [_thread_blocked, id=9436, stack(0x00000000027e0000,0x00000000028e0000)]

Other Threads:
  0x00000000161d5800 VMThread [stack: 0x0000000016c40000,0x0000000016d40000] [id=8964]
  0x000000001628c800 WatcherThread [stack: 0x0000000017540000,0x0000000017640000] [id=4652]

VM state:not at safepoint (normal execution)

VM Mutex/Monitor currently owned by a thread: None

heap address: 0x00000000a0000000, size: 1536 MB, Compressed Oops mode: 32-bit
Narrow klass base: 0x0000000000000000, Narrow klass shift: 3
Compressed class space size: 1073741824 Address: 0x0000000100000000

Heap:
 PSYoungGen      total 463360K, used 98922K [0x00000000e0000000, 0x0000000100000000, 0x0000000100000000)
  eden space 425472K, 21% used [0x00000000e0000000,0x00000000e5aae5a0,0x00000000f9f80000)
  from space 37888K, 16% used [0x00000000f9f80000,0x00000000fa56c5e0,0x00000000fc480000)
  to   space 36352K, 0% used [0x00000000fdc80000,0x00000000fdc80000,0x0000000100000000)
 ParOldGen       total 183296K, used 149575K [0x00000000a0000000, 0x00000000ab300000, 0x00000000e0000000)
  object space 183296K, 81% used [0x00000000a0000000,0x00000000a9211d90,0x00000000ab300000)
 Metaspace       used 90149K, capacity 94414K, committed 95272K, reserved 1132544K
  class space    used 11488K, capacity 12331K, committed 12584K, reserved 1048576K

Card table byte_map: [0x0000000011ea0000,0x00000000121b0000] byte_map_base: 0x00000000119a0000

Marking Bits: (ParMarkBitMap*) 0x0000000057719f30
 Begin Bits: [0x00000000125b0000, 0x0000000013db0000)
 End Bits:   [0x0000000013db0000, 0x00000000155b0000)

Polling page: 0x0000000000f40000

CodeCache: size=245760Kb used=64812Kb max_used=65309Kb free=180947Kb
 bounds [0x0000000002ae0000, 0x0000000006b60000, 0x0000000011ae0000]
 total_blobs=18117 nmethods=17258 adapters=769
 compilation: enabled

Compilation events (10 events):
Event: 21880.812 Thread 0x0000000016214800 22431       2       com.android.tools.r8.ir.regalloc.LinearScanRegisterAllocator$$Lambda$682/701584386::compare (12 bytes)
Event: 21880.813 Thread 0x0000000016214800 nmethod 22431 0x0000000006424590 code [0x0000000006424720, 0x00000000064249d8]
Event: 21880.813 Thread 0x0000000016214800 22432       2       com.android.tools.r8.ir.regalloc.LinearScanRegisterAllocator::a (22 bytes)
Event: 21880.813 Thread 0x0000000016214800 nmethod 22432 0x0000000006157610 code [0x00000000061577a0, 0x00000000061579d8]
Event: 21880.816 Thread 0x0000000016214800 22433       2       com.android.tools.r8.ir.optimize.CodeRewriter::a (100 bytes)
Event: 21880.818 Thread 0x0000000016214800 nmethod 22433 0x0000000006423b10 code [0x0000000006423d00, 0x00000000064241a8]
Event: 21880.818 Thread 0x0000000016214800 22434       2       com.android.tools.r8.ir.code.If::a (11 bytes)
Event: 21880.818 Thread 0x0000000016214800 nmethod 22434 0x0000000006423790 code [0x00000000064238e0, 0x0000000006423a50]
Event: 21880.830 Thread 0x0000000016214800 22435       1       com.android.tools.r8.ir.code.IRCode::g (5 bytes)
Event: 21880.830 Thread 0x0000000016214800 nmethod 22435 0x00000000064234d0 code [0x0000000006423620, 0x0000000006423730]

GC Heap History (10 events):
Event: 21857.185 GC heap before
{Heap before GC invocations=81 (full 6):
 PSYoungGen      total 366592K, used 327680K [0x00000000e0000000, 0x00000000f9600000, 0x0000000100000000)
  eden space 322560K, 100% used [0x00000000e0000000,0x00000000f3b00000,0x00000000f3b00000)
  from space 44032K, 11% used [0x00000000f6b00000,0x00000000f7000000,0x00000000f9600000)
  to   space 46592K, 0% used [0x00000000f3b00000,0x00000000f3b00000,0x00000000f6880000)
 ParOldGen       total 183296K, used 119932K [0x00000000a0000000, 0x00000000ab300000, 0x00000000e0000000)
  object space 183296K, 65% used [0x00000000a0000000,0x00000000a751f268,0x00000000ab300000)
 Metaspace       used 90088K, capacity 94396K, committed 95272K, reserved 1132544K
  class space    used 11486K, capacity 12330K, committed 12584K, reserved 1048576K
Event: 21857.248 GC heap after
Heap after GC invocations=81 (full 6):
 PSYoungGen      total 369152K, used 5712K [0x00000000e0000000, 0x00000000fc480000, 0x0000000100000000)
  eden space 322560K, 0% used [0x00000000e0000000,0x00000000e0000000,0x00000000f3b00000)
  from space 46592K, 12% used [0x00000000f3b00000,0x00000000f4094020,0x00000000f6880000)
  to   space 45056K, 0% used [0x00000000f9880000,0x00000000f9880000,0x00000000fc480000)
 ParOldGen       total 183296K, used 125044K [0x00000000a0000000, 0x00000000ab300000, 0x00000000e0000000)
  object space 183296K, 68% used [0x00000000a0000000,0x00000000a7a1d288,0x00000000ab300000)
 Metaspace       used 90088K, capacity 94396K, committed 95272K, reserved 1132544K
  class space    used 11486K, capacity 12330K, committed 12584K, reserved 1048576K
}
Event: 21861.055 GC heap before
{Heap before GC invocations=82 (full 6):
 PSYoungGen      total 369152K, used 328272K [0x00000000e0000000, 0x00000000fc480000, 0x0000000100000000)
  eden space 322560K, 100% used [0x00000000e0000000,0x00000000f3b00000,0x00000000f3b00000)
  from space 46592K, 12% used [0x00000000f3b00000,0x00000000f4094020,0x00000000f6880000)
  to   space 45056K, 0% used [0x00000000f9880000,0x00000000f9880000,0x00000000fc480000)
 ParOldGen       total 183296K, used 125044K [0x00000000a0000000, 0x00000000ab300000, 0x00000000e0000000)
  object space 183296K, 68% used [0x00000000a0000000,0x00000000a7a1d288,0x00000000ab300000)
 Metaspace       used 90095K, capacity 94400K, committed 95272K, reserved 1132544K
  class space    used 11486K, capacity 12330K, committed 12584K, reserved 1048576K
Event: 21861.095 GC heap after
Heap after GC invocations=82 (full 6):
 PSYoungGen      total 408064K, used 10587K [0x00000000e0000000, 0x00000000fbc80000, 0x0000000100000000)
  eden space 371200K, 0% used [0x00000000e0000000,0x00000000e0000000,0x00000000f6a80000)
  from space 36864K, 28% used [0x00000000f9880000,0x00000000fa2d6db8,0x00000000fbc80000)
  to   space 41984K, 0% used [0x00000000f6a80000,0x00000000f6a80000,0x00000000f9380000)
 ParOldGen       total 183296K, used 130107K [0x00000000a0000000, 0x00000000ab300000, 0x00000000e0000000)
  object space 183296K, 70% used [0x00000000a0000000,0x00000000a7f0efb8,0x00000000ab300000)
 Metaspace       used 90095K, capacity 94400K, committed 95272K, reserved 1132544K
  class space    used 11486K, capacity 12330K, committed 12584K, reserved 1048576K
}
Event: 21865.412 GC heap before
{Heap before GC invocations=83 (full 6):
 PSYoungGen      total 408064K, used 381787K [0x00000000e0000000, 0x00000000fbc80000, 0x0000000100000000)
  eden space 371200K, 100% used [0x00000000e0000000,0x00000000f6a80000,0x00000000f6a80000)
  from space 36864K, 28% used [0x00000000f9880000,0x00000000fa2d6db8,0x00000000fbc80000)
  to   space 41984K, 0% used [0x00000000f6a80000,0x00000000f6a80000,0x00000000f9380000)
 ParOldGen       total 183296K, used 130107K [0x00000000a0000000, 0x00000000ab300000, 0x00000000e0000000)
  object space 183296K, 70% used [0x00000000a0000000,0x00000000a7f0efb8,0x00000000ab300000)
 Metaspace       used 90098K, capacity 94404K, committed 95272K, reserved 1132544K
  class space    used 11486K, capacity 12330K, committed 12584K, reserved 1048576K
Event: 21865.516 GC heap after
Heap after GC invocations=83 (full 6):
 PSYoungGen      total 413184K, used 4704K [0x00000000e0000000, 0x00000000ff100000, 0x0000000100000000)
  eden space 371200K, 0% used [0x00000000e0000000,0x00000000e0000000,0x00000000f6a80000)
  from space 41984K, 11% used [0x00000000f6a80000,0x00000000f6f18000,0x00000000f9380000)
  to   space 40448K, 0% used [0x00000000fc980000,0x00000000fc980000,0x00000000ff100000)
 ParOldGen       total 183296K, used 139525K [0x00000000a0000000, 0x00000000ab300000, 0x00000000e0000000)
  object space 183296K, 76% used [0x00000000a0000000,0x00000000a88415b8,0x00000000ab300000)
 Metaspace       used 90098K, capacity 94404K, committed 95272K, reserved 1132544K
  class space    used 11486K, capacity 12330K, committed 12584K, reserved 1048576K
}
Event: 21871.349 GC heap before
{Heap before GC invocations=84 (full 6):
 PSYoungGen      total 413184K, used 375904K [0x00000000e0000000, 0x00000000ff100000, 0x0000000100000000)
  eden space 371200K, 100% used [0x00000000e0000000,0x00000000f6a80000,0x00000000f6a80000)
  from space 41984K, 11% used [0x00000000f6a80000,0x00000000f6f18000,0x00000000f9380000)
  to   space 40448K, 0% used [0x00000000fc980000,0x00000000fc980000,0x00000000ff100000)
 ParOldGen       total 183296K, used 139525K [0x00000000a0000000, 0x00000000ab300000, 0x00000000e0000000)
  object space 183296K, 76% used [0x00000000a0000000,0x00000000a88415b8,0x00000000ab300000)
 Metaspace       used 90119K, capacity 94410K, committed 95272K, reserved 1132544K
  class space    used 11488K, capacity 12331K, committed 12584K, reserved 1048576K
Event: 21871.399 GC heap after
Heap after GC invocations=84 (full 6):
 PSYoungGen      total 458240K, used 9987K [0x00000000e0000000, 0x00000000fe980000, 0x0000000100000000)
  eden space 425472K, 0% used [0x00000000e0000000,0x00000000e0000000,0x00000000f9f80000)
  from space 32768K, 30% used [0x00000000fc980000,0x00000000fd340e30,0x00000000fe980000)
  to   space 37888K, 0% used [0x00000000f9f80000,0x00000000f9f80000,0x00000000fc480000)
 ParOldGen       total 183296K, used 143453K [0x00000000a0000000, 0x00000000ab300000, 0x00000000e0000000)
  object space 183296K, 78% used [0x00000000a0000000,0x00000000a8c175c8,0x00000000ab300000)
 Metaspace       used 90119K, capacity 94410K, committed 95272K, reserved 1132544K
  class space    used 11488K, capacity 12331K, committed 12584K, reserved 1048576K
}
Event: 21879.468 GC heap before
{Heap before GC invocations=85 (full 6):
 PSYoungGen      total 458240K, used 435459K [0x00000000e0000000, 0x00000000fe980000, 0x0000000100000000)
  eden space 425472K, 100% used [0x00000000e0000000,0x00000000f9f80000,0x00000000f9f80000)
  from space 32768K, 30% used [0x00000000fc980000,0x00000000fd340e30,0x00000000fe980000)
  to   space 37888K, 0% used [0x00000000f9f80000,0x00000000f9f80000,0x00000000fc480000)
 ParOldGen       total 183296K, used 143453K [0x00000000a0000000, 0x00000000ab300000, 0x00000000e0000000)
  object space 183296K, 78% used [0x00000000a0000000,0x00000000a8c175c8,0x00000000ab300000)
 Metaspace       used 90146K, capacity 94410K, committed 95272K, reserved 1132544K
  class space    used 11488K, capacity 12331K, committed 12584K, reserved 1048576K
Event: 21879.529 GC heap after
Heap after GC invocations=85 (full 6):
 PSYoungGen      total 463360K, used 6065K [0x00000000e0000000, 0x0000000100000000, 0x0000000100000000)
  eden space 425472K, 0% used [0x00000000e0000000,0x00000000e0000000,0x00000000f9f80000)
  from space 37888K, 16% used [0x00000000f9f80000,0x00000000fa56c5e0,0x00000000fc480000)
  to   space 36352K, 0% used [0x00000000fdc80000,0x00000000fdc80000,0x0000000100000000)
 ParOldGen       total 183296K, used 149575K [0x00000000a0000000, 0x00000000ab300000, 0x00000000e0000000)
  object space 183296K, 81% used [0x00000000a0000000,0x00000000a9211d90,0x00000000ab300000)
 Metaspace       used 90146K, capacity 94410K, committed 95272K, reserved 1132544K
  class space    used 11488K, capacity 12331K, committed 12584K, reserved 1048576K
}

Deoptimization events (10 events):
Event: 21858.754 Thread 0x000000001c527000 Uncommon trap: reason=unstable_if action=reinterpret pc=0x00000000069fc728 method=com.android.tools.r8.ir.regalloc.LiveIntervals.getSplitCovering(I)Lcom/android/tools/r8/ir/regalloc/LiveIntervals; @ 48
Event: 21859.446 Thread 0x000000001c527000 Uncommon trap: reason=unstable_if action=reinterpret pc=0x0000000002dd3378 method=java.util.HashMap.resize()[Ljava/util/HashMap$Node; @ 206
Event: 21860.024 Thread 0x0000000019157000 Uncommon trap: reason=predicate action=maybe_recompile pc=0x0000000006931e9c method=com.android.tools.r8.ir.optimize.CodeRewriter.e(Lcom/android/tools/r8/ir/code/Instruction;)Z @ 226
Event: 21860.437 Thread 0x000000001c527000 Uncommon trap: reason=unstable_if action=reinterpret pc=0x000000000683d0c0 method=com.android.tools.r8.ir.conversion.N.d(Lcom/android/tools/r8/t/a/a/G/a;)Ljava/util/List; @ 194
Event: 21861.037 Thread 0x0000000019157000 Uncommon trap: reason=class_check action=maybe_recompile pc=0x0000000006522c8c method=com.android.tools.r8.ir.optimize.CodeRewriter.e(Lcom/android/tools/r8/ir/code/IRCode;)V @ 405
Event: 21871.481 Thread 0x0000000019157000 Uncommon trap: reason=unstable_if action=reinterpret pc=0x000000000578edc8 method=com.android.tools.r8.graph.DexAnnotationElement.equals(Ljava/lang/Object;)Z @ 30
Event: 21872.369 Thread 0x0000000019157000 Uncommon trap: reason=unstable_if action=reinterpret pc=0x0000000003d95ffc method=java.lang.Long.numberOfTrailingZeros(J)I @ 3
Event: 21875.546 Thread 0x000000001c527000 Uncommon trap: reason=null_check action=make_not_entrant pc=0x00000000056b133c method=com.android.tools.r8.ir.analysis.type.ArrayTypeLatticeElement.getOrCreateVariant(Lcom/android/tools/r8/ir/analysis/type/Nullability;)Lcom/android/tools/r8/ir/analysis/ty
Event: 21879.223 Thread 0x0000000019157000 Uncommon trap: reason=unstable_if action=reinterpret pc=0x0000000006af4ce4 method=com.android.tools.r8.ir.conversion.I.a(Lcom/android/tools/r8/ir/code/IRCode;)V @ 638
Event: 21879.371 Thread 0x0000000019157000 Uncommon trap: reason=unstable_if action=reinterpret pc=0x00000000069e32ec method=com.android.tools.r8.ir.conversion.N.b(Lcom/android/tools/r8/ir/conversion/IRBuilder;)V @ 2282

Classes redefined (0 events):
No events

Internal exceptions (10 events):
Event: 21875.546 Thread 0x000000001c527000 Implicit null exception at 0x00000000056af5b3 to 0x00000000056b1331
Event: 21876.008 Thread 0x000000001c527000 Exception <a 'sun/nio/fs/WindowsException'> (0x00000000f239d678) thrown at [D:\src\AOSP-openjdk-cygwin\jdk8u\hotspot\src\share\vm\prims\jni.cpp, line 710]
Event: 21876.871 Thread 0x0000000019157000 Exception <a 'sun/nio/fs/WindowsException'> (0x00000000ecfe12b8) thrown at [D:\src\AOSP-openjdk-cygwin\jdk8u\hotspot\src\share\vm\prims\jni.cpp, line 710]
Event: 21877.036 Thread 0x000000001c527000 Exception <a 'sun/nio/fs/WindowsException'> (0x00000000f23d83c8) thrown at [D:\src\AOSP-openjdk-cygwin\jdk8u\hotspot\src\share\vm\prims\jni.cpp, line 710]
Event: 21877.128 Thread 0x000000001c527000 Exception <a 'sun/nio/fs/WindowsException'> (0x00000000f36f9478) thrown at [D:\src\AOSP-openjdk-cygwin\jdk8u\hotspot\src\share\vm\prims\jni.cpp, line 710]
Event: 21877.155 Thread 0x0000000019157000 Exception <a 'sun/nio/fs/WindowsException'> (0x00000000f3bfeb78) thrown at [D:\src\AOSP-openjdk-cygwin\jdk8u\hotspot\src\share\vm\prims\jni.cpp, line 710]
Event: 21877.644 Thread 0x0000000019157000 Exception <a 'sun/nio/fs/WindowsException'> (0x00000000f412d4c0) thrown at [D:\src\AOSP-openjdk-cygwin\jdk8u\hotspot\src\share\vm\prims\jni.cpp, line 710]
Event: 21877.702 Thread 0x000000001c527000 Exception <a 'sun/nio/fs/WindowsException'> (0x00000000f37621b0) thrown at [D:\src\AOSP-openjdk-cygwin\jdk8u\hotspot\src\share\vm\prims\jni.cpp, line 710]
Event: 21877.814 Thread 0x000000001c527000 Exception <a 'sun/nio/fs/WindowsException'> (0x00000000f4b39138) thrown at [D:\src\AOSP-openjdk-cygwin\jdk8u\hotspot\src\share\vm\prims\jni.cpp, line 710]
Event: 21879.460 Thread 0x000000001c527000 Exception <a 'sun/nio/fs/WindowsException'> (0x00000000f9e691b0) thrown at [D:\src\AOSP-openjdk-cygwin\jdk8u\hotspot\src\share\vm\prims\jni.cpp, line 710]

Events (10 events):
Event: 21879.608 Thread 0x000000001c527000 DEOPT PACKING pc=0x000000000616762c sp=0x0000000030e9a650
Event: 21879.608 Thread 0x000000001c527000 DEOPT UNPACKING pc=0x0000000002b271d0 sp=0x0000000030e9a408 mode 0
Event: 21879.619 Thread 0x000000001c527000 DEOPT PACKING pc=0x000000000616762c sp=0x0000000030e9a650
Event: 21879.619 Thread 0x000000001c527000 DEOPT UNPACKING pc=0x0000000002b271d0 sp=0x0000000030e9a408 mode 0
Event: 21879.633 Thread 0x000000001c527000 DEOPT PACKING pc=0x00000000063920ce sp=0x0000000030e9a040
Event: 21879.633 Thread 0x000000001c527000 DEOPT UNPACKING pc=0x0000000002b271d0 sp=0x0000000030e99f80 mode 0
Event: 21880.131 Thread 0x0000000019157000 DEOPT PACKING pc=0x0000000006a43886 sp=0x0000000031a9c610
Event: 21880.131 Thread 0x0000000019157000 DEOPT UNPACKING pc=0x0000000002b271d0 sp=0x0000000031a9c620 mode 0
Event: 21880.830 Thread 0x000000001c527000 DEOPT PACKING pc=0x0000000006391e12 sp=0x0000000030e99f20
Event: 21880.830 Thread 0x000000001c527000 DEOPT UNPACKING pc=0x0000000002b271d0 sp=0x0000000030e99e60 mode 0


Dynamic libraries:
0x00007ff6786b0000 - 0x00007ff6786e1000 	C:\Program Files\Android\Android Studio1\jre\bin\java.exe
0x00007ffc43aa0000 - 0x00007ffc43c8d000 	C:\WINDOWS\SYSTEM32\ntdll.dll
0x00007ffc40fc0000 - 0x00007ffc41073000 	C:\WINDOWS\System32\KERNEL32.DLL
0x00007ffc40760000 - 0x00007ffc409f3000 	C:\WINDOWS\System32\KERNELBASE.dll
0x00007ffc40f10000 - 0x00007ffc40fb3000 	C:\WINDOWS\System32\ADVAPI32.dll
0x00007ffc420d0000 - 0x00007ffc4216e000 	C:\WINDOWS\System32\msvcrt.dll
0x00007ffc41330000 - 0x00007ffc413ce000 	C:\WINDOWS\System32\sechost.dll
0x00007ffc41150000 - 0x00007ffc41272000 	C:\WINDOWS\System32\RPCRT4.dll
0x00007ffc41e00000 - 0x00007ffc41f97000 	C:\WINDOWS\System32\USER32.dll
0x00007ffc40470000 - 0x00007ffc40490000 	C:\WINDOWS\System32\win32u.dll
0x00007ffc439c0000 - 0x00007ffc439e9000 	C:\WINDOWS\System32\GDI32.dll
0x00007ffc40ad0000 - 0x00007ffc40c69000 	C:\WINDOWS\System32\gdi32full.dll
0x00007ffc40670000 - 0x00007ffc40710000 	C:\WINDOWS\System32\msvcp_win.dll
0x00007ffc3fc20000 - 0x00007ffc3fd1a000 	C:\WINDOWS\System32\ucrtbase.dll
0x00007ffc308f0000 - 0x00007ffc30b69000 	C:\WINDOWS\WinSxS\amd64_microsoft.windows.common-controls_6595b64144ccf1df_6.0.17763.864_none_05b3441807210760\COMCTL32.dll
0x00007ffc43670000 - 0x00007ffc4399c000 	C:\WINDOWS\System32\combase.dll
0x00007ffc40ca0000 - 0x00007ffc40d1e000 	C:\WINDOWS\System32\bcryptPrimitives.dll
0x00007ffc41fa0000 - 0x00007ffc41fce000 	C:\WINDOWS\System32\IMM32.DLL
0x0000000056d90000 - 0x0000000056e62000 	C:\Program Files\Android\Android Studio1\jre\jre\bin\msvcr100.dll
0x0000000056f50000 - 0x0000000057796000 	C:\Program Files\Android\Android Studio1\jre\jre\bin\server\jvm.dll
0x00007ffc439a0000 - 0x00007ffc439a8000 	C:\WINDOWS\System32\PSAPI.DLL
0x00007ffc3d6d0000 - 0x00007ffc3d6f4000 	C:\WINDOWS\SYSTEM32\WINMM.dll
0x00007ffc36870000 - 0x00007ffc3687a000 	C:\WINDOWS\SYSTEM32\VERSION.dll
0x00007ffc3d6a0000 - 0x00007ffc3d6cd000 	C:\WINDOWS\SYSTEM32\WINMMBASE.dll
0x00007ffc40710000 - 0x00007ffc4075a000 	C:\WINDOWS\System32\cfgmgr32.dll
0x00007ffc35110000 - 0x00007ffc35119000 	C:\WINDOWS\SYSTEM32\WSOCK32.dll
0x00007ffc41080000 - 0x00007ffc410ed000 	C:\WINDOWS\System32\WS2_32.dll
0x00007ffc317b0000 - 0x00007ffc317bf000 	C:\Program Files\Android\Android Studio1\jre\jre\bin\verify.dll
0x00007ffc1b080000 - 0x00007ffc1b0a9000 	C:\Program Files\Android\Android Studio1\jre\jre\bin\java.dll
0x00007ffc1a940000 - 0x00007ffc1a956000 	C:\Program Files\Android\Android Studio1\jre\jre\bin\zip.dll
0x00007ffc42170000 - 0x00007ffc43664000 	C:\WINDOWS\System32\SHELL32.dll
0x00007ffc40e60000 - 0x00007ffc40f08000 	C:\WINDOWS\System32\shcore.dll
0x00007ffc3fd20000 - 0x00007ffc4046d000 	C:\WINDOWS\System32\windows.storage.dll
0x00007ffc3faf0000 - 0x00007ffc3fb14000 	C:\WINDOWS\System32\profapi.dll
0x00007ffc3fb60000 - 0x00007ffc3fbbd000 	C:\WINDOWS\System32\powrprof.dll
0x00007ffc40d20000 - 0x00007ffc40d72000 	C:\WINDOWS\System32\shlwapi.dll
0x00007ffc3fb20000 - 0x00007ffc3fb31000 	C:\WINDOWS\System32\kernel.appcore.dll
0x00007ffc40a00000 - 0x00007ffc40a17000 	C:\WINDOWS\System32\cryptsp.dll
0x00007ffc17330000 - 0x00007ffc1734a000 	C:\Program Files\Android\Android Studio1\jre\jre\bin\net.dll
0x00007ffc3f300000 - 0x00007ffc3f367000 	C:\WINDOWS\system32\mswsock.dll
0x00007ffc11da0000 - 0x00007ffc11db1000 	C:\Program Files\Android\Android Studio1\jre\jre\bin\nio.dll
0x00007ffc35830000 - 0x00007ffc35856000 	C:\Users\User\.gradle\native\29\windows-amd64\native-platform.dll
0x00007ffc21f50000 - 0x00007ffc21f5d000 	C:\Program Files\Android\Android Studio1\jre\jre\bin\management.dll
0x00007ffc3ee80000 - 0x00007ffc3eeb3000 	C:\WINDOWS\system32\rsaenh.dll
0x00007ffc40c70000 - 0x00007ffc40c96000 	C:\WINDOWS\System32\bcrypt.dll
0x00007ffc3f9f0000 - 0x00007ffc3fa18000 	C:\WINDOWS\SYSTEM32\USERENV.dll
0x00007ffc3f4d0000 - 0x00007ffc3f4dc000 	C:\WINDOWS\SYSTEM32\CRYPTBASE.dll
0x00007ffc3f020000 - 0x00007ffc3f05d000 	C:\WINDOWS\SYSTEM32\IPHLPAPI.DLL
0x00007ffc40d80000 - 0x00007ffc40d88000 	C:\WINDOWS\System32\NSI.dll
0x00007ffc35ff0000 - 0x00007ffc36006000 	C:\WINDOWS\SYSTEM32\dhcpcsvc6.DLL
0x00007ffc365f0000 - 0x00007ffc3660c000 	C:\WINDOWS\SYSTEM32\dhcpcsvc.DLL
0x00007ffc3f060000 - 0x00007ffc3f126000 	C:\WINDOWS\SYSTEM32\DNSAPI.dll

VM Arguments:
jvm_args: -Xmx1536m -Dfile.encoding=windows-1251 -Duser.country=RU -Duser.language=ru -Duser.variant 
java_command: org.gradle.launcher.daemon.bootstrap.GradleDaemon 5.4.1
java_class_path (initial): C:\Users\User\.gradle\wrapper\dists\gradle-5.4.1-all\3221gyojl5jsh0helicew7rwx\gradle-5.4.1\lib\gradle-launcher-5.4.1.jar
Launcher Type: SUN_STANDARD

Environment Variables:
PATH=C:\WINDOWS\system32;C:\WINDOWS;C:\WINDOWS\System32\Wbem;C:\WINDOWS\System32\WindowsPowerShell\v1.0\;C:\Program Files\Git\cmd;C:\WINDOWS\System32\OpenSSH\;C:\Users\User\AppData\Local\Microsoft\WindowsApps;
USERNAME=User
OS=Windows_NT
PROCESSOR_IDENTIFIER=Intel64 Family 6 Model 58 Stepping 9, GenuineIntel



---------------  S Y S T E M  ---------------

OS: Windows 10.0 , 64 bit Build 17763 (10.0.17763.475)

CPU:total 2 (initial active 2) (2 cores per cpu, 1 threads per core) family 6 model 58 stepping 9, cmov, cx8, fxsr, mmx, sse, sse2, sse3, ssse3, sse4.1, sse4.2, popcnt, clmul, erms, tsc, tscinvbit, tscinv

Memory: 4k page, physical 4077244k(223480k free), swap 7149244k(4848k free)

vm_info: OpenJDK 64-Bit Server VM (25.202-b03) for windows-amd64 JRE (1.8.0_202-release-1483-b03), built by "builder" with MS VC++ 10.0 (VS2010)

time: Tue Nov 19 23:55:22 2019
timezone: Центральная Азия (зима)
elapsed time: 21881 seconds (0d 6h 4m 41s)

